<?xml version="1.0" encoding="UTF-8"?>
<testng-results ignored="0" total="1" passed="1" failed="0" skipped="0">
  <reporter-output>
  </reporter-output>
  <suite started-at="2022-11-25T11:32:51 IST" name="BANKIT" finished-at="2022-11-25T11:32:58 IST" duration-ms="7170">
    <groups>
    </groups>
    <test started-at="2022-11-25T11:32:51 IST" name="BankitTest" finished-at="2022-11-25T11:32:58 IST" duration-ms="7170">
      <class name="TestNGPractice">
        <test-method is-config="true" signature="driverInfo()[pri:0, instance:TestNGPractice@4f80542f]" started-at="2022-11-25T11:32:46 IST" name="driverInfo" finished-at="2022-11-25T11:32:51 IST" duration-ms="5155" status="PASS">
          <reporter-output>
          </reporter-output>
        </test-method> <!-- driverInfo -->
        <test-method signature="SignUp()[pri:0, instance:TestNGPractice@4f80542f]" started-at="2022-11-25T11:32:51 IST" name="SignUp" finished-at="2022-11-25T11:32:58 IST" duration-ms="7121" status="PASS">
          <reporter-output>
          </reporter-output>
        </test-method> <!-- SignUp -->
      </class> <!-- TestNGPractice -->
    </test> <!-- BankitTest -->
  </suite> <!-- BANKIT -->
</testng-results>
